<?xml version="1.0" encoding="UTF-8"?>
<!-- Generated by org.testng.reporters.JUnitReportReporter -->
<testsuite hostname="DESKTOP-EEK1CB1" name="main.PageObjectModel" tests="1" failures="0" timestamp="5 Jan 2016 10:50:54 GMT" time="62.441" errors="0">
  <testcase name="test" time="62.441" classname="main.PageObjectModel"/>
</testsuite> <!-- main.PageObjectModel -->
